  [1m[35m (78.0ms)[0m  [1m[35mSET NAMES utf8mb4,  @@SESSION.sql_mode = CONCAT(CONCAT(@@sql_mode, ',STRICT_ALL_TABLES'), ',NO_AUTO_VALUE_ON_ZERO'),  @@SESSION.sql_auto_is_null = 0, @@SESSION.wait_timeout = 2147483[0m
  [1m[35m (13.3ms)[0m  [1m[35mCREATE DATABASE `dockersongapp_development` DEFAULT CHARACTER SET `utf8mb4`[0m
  [1m[35m (0.8ms)[0m  [1m[35mSET NAMES utf8mb4,  @@SESSION.sql_mode = CONCAT(CONCAT(@@sql_mode, ',STRICT_ALL_TABLES'), ',NO_AUTO_VALUE_ON_ZERO'),  @@SESSION.sql_auto_is_null = 0, @@SESSION.wait_timeout = 2147483[0m
  [1m[35m (0.8ms)[0m  [1m[35mCREATE DATABASE `dockersongapp_test` DEFAULT CHARACTER SET `utf8mb4`[0m
Started GET "/" for 127.0.0.1 at 2019-06-11 23:55:46 +0200
  [1m[35m (0.5ms)[0m  [1m[35mSET NAMES utf8mb4,  @@SESSION.sql_mode = CONCAT(CONCAT(@@sql_mode, ',STRICT_ALL_TABLES'), ',NO_AUTO_VALUE_ON_ZERO'),  @@SESSION.sql_auto_is_null = 0, @@SESSION.wait_timeout = 2147483[0m
Processing by HomeController#index as HTML
  Rendering home/index.html.erb within layouts/application
  Rendered home/index.html.erb within layouts/application (Duration: 5.1ms | Allocations: 370)
[Webpacker] Compiling…
[Webpacker] Compiled all packs in /home/greengo/dockerapp/dockersongapp/public/packs
Completed 200 OK in 10217ms (Views: 10201.9ms | ActiveRecord: 0.0ms | Allocations: 1355163)


Started GET "/" for 127.0.0.1 at 2019-06-11 23:57:47 +0200
Processing by HomeController#index as HTML
  Rendering home/index.html.erb within layouts/application
  Rendered home/index.html.erb within layouts/application (Duration: 0.1ms | Allocations: 5)
Completed 200 OK in 25ms (Views: 24.4ms | ActiveRecord: 0.0ms | Allocations: 4810)


  [1m[35m (0.7ms)[0m  [1m[35mSET NAMES utf8mb4,  @@SESSION.sql_mode = CONCAT(CONCAT(@@sql_mode, ',STRICT_ALL_TABLES'), ',NO_AUTO_VALUE_ON_ZERO'),  @@SESSION.sql_auto_is_null = 0, @@SESSION.wait_timeout = 2147483[0m
  [1m[35m (197.5ms)[0m  [1m[35mCREATE TABLE `schema_migrations` (`version` varchar(255) NOT NULL PRIMARY KEY)[0m
  [1m[35m (90.5ms)[0m  [1m[35mCREATE TABLE `ar_internal_metadata` (`key` varchar(255) NOT NULL PRIMARY KEY, `value` varchar(255), `created_at` datetime(6) NOT NULL, `updated_at` datetime(6) NOT NULL)[0m
  [1m[35m (1.0ms)[0m  [1m[34mSELECT GET_LOCK('309776275100891130', 0)[0m
  [1m[35m (1.1ms)[0m  [1m[34mSELECT `schema_migrations`.`version` FROM `schema_migrations` ORDER BY `schema_migrations`.`version` ASC[0m
Migrating to DeviseCreateUsers (20190611215945)
  [1m[35m (88.1ms)[0m  [1m[35mCREATE TABLE `users` (`id` bigint NOT NULL AUTO_INCREMENT PRIMARY KEY, `email` varchar(255) DEFAULT '' NOT NULL, `encrypted_password` varchar(255) DEFAULT '' NOT NULL, `reset_password_token` varchar(255), `reset_password_sent_at` datetime, `remember_created_at` datetime, `created_at` datetime(6) NOT NULL, `updated_at` datetime(6) NOT NULL)[0m
  [1m[35m (83.5ms)[0m  [1m[35mCREATE UNIQUE INDEX `index_users_on_email`  ON `users` (`email`) [0m
  [1m[35m (77.8ms)[0m  [1m[35mCREATE UNIQUE INDEX `index_users_on_reset_password_token`  ON `users` (`reset_password_token`) [0m
  [1m[35m (6.2ms)[0m  [1m[35mBEGIN[0m
  [1m[36mActiveRecord::SchemaMigration Create (7.3ms)[0m  [1m[32mINSERT INTO `schema_migrations` (`version`) VALUES ('20190611215945')[0m
  [1m[35m (11.8ms)[0m  [1m[35mCOMMIT[0m
  [1m[36mActiveRecord::InternalMetadata Load (0.8ms)[0m  [1m[34mSELECT `ar_internal_metadata`.* FROM `ar_internal_metadata` WHERE `ar_internal_metadata`.`key` = 'environment' LIMIT 1[0m
  [1m[35m (0.5ms)[0m  [1m[35mBEGIN[0m
  [1m[36mActiveRecord::InternalMetadata Create (0.5ms)[0m  [1m[32mINSERT INTO `ar_internal_metadata` (`key`, `value`, `created_at`, `updated_at`) VALUES ('environment', 'development', '2019-06-11 22:00:10.623679', '2019-06-11 22:00:10.623679')[0m
  [1m[35m (12.8ms)[0m  [1m[35mCOMMIT[0m
  [1m[35m (1.5ms)[0m  [1m[34mSELECT RELEASE_LOCK('309776275100891130')[0m
  [1m[35m (0.4ms)[0m  [1m[35mSET NAMES utf8mb4,  @@SESSION.sql_mode = CONCAT(CONCAT(@@sql_mode, ',STRICT_ALL_TABLES'), ',NO_AUTO_VALUE_ON_ZERO'),  @@SESSION.sql_auto_is_null = 0, @@SESSION.wait_timeout = 2147483[0m
  [1m[35m (0.6ms)[0m  [1m[34mSELECT `schema_migrations`.`version` FROM `schema_migrations` ORDER BY `schema_migrations`.`version` ASC[0m
Started GET "/" for 127.0.0.1 at 2019-06-12 00:01:47 +0200
  [1m[35m (0.6ms)[0m  [1m[35mSET NAMES utf8mb4,  @@SESSION.sql_mode = CONCAT(CONCAT(@@sql_mode, ',STRICT_ALL_TABLES'), ',NO_AUTO_VALUE_ON_ZERO'),  @@SESSION.sql_auto_is_null = 0, @@SESSION.wait_timeout = 2147483[0m
  [1m[35m (0.5ms)[0m  [1m[34mSELECT `schema_migrations`.`version` FROM `schema_migrations` ORDER BY `schema_migrations`.`version` ASC[0m
Processing by HomeController#index as HTML
Completed 401 Unauthorized in 22ms (ActiveRecord: 0.0ms | Allocations: 1707)


Started GET "/users/sign_in" for 127.0.0.1 at 2019-06-12 00:01:47 +0200
Processing by Devise::SessionsController#new as HTML
  Rendering devise/sessions/new.html.erb within layouts/application
  Rendered devise/shared/_links.html.erb (Duration: 3.5ms | Allocations: 640)
  Rendered devise/sessions/new.html.erb within layouts/application (Duration: 63.2ms | Allocations: 3940)
Completed 200 OK in 1935ms (Views: 1891.7ms | ActiveRecord: 2.1ms | Allocations: 1353948)


Started GET "/users/sign_up" for 127.0.0.1 at 2019-06-12 00:01:56 +0200
Processing by Devise::RegistrationsController#new as HTML
  Rendering devise/registrations/new.html.erb within layouts/application
  Rendered devise/shared/_error_messages.html.erb (Duration: 1.4ms | Allocations: 215)
  Rendered devise/shared/_links.html.erb (Duration: 0.5ms | Allocations: 123)
  Rendered devise/registrations/new.html.erb within layouts/application (Duration: 37.9ms | Allocations: 1867)
Completed 200 OK in 57ms (Views: 55.2ms | ActiveRecord: 0.0ms | Allocations: 7577)


Started POST "/users" for 127.0.0.1 at 2019-06-12 00:02:17 +0200
Processing by Devise::RegistrationsController#create as HTML
  Parameters: {"authenticity_token"=>"V4eIksh8vNOodpoqsTjHvIiNEi/PJ/yUAQY0GvqKhRY2RQTQIko6wKrot/o9gm9jk8Q4G2/A53v5qN1txAqdFA==", "user"=>{"email"=>"macciej.net@gmail.com", "password"=>"[FILTERED]", "password_confirmation"=>"[FILTERED]"}, "commit"=>"Sign up"}
DEPRECATION WARNING: Uniqueness validator will no longer enforce case sensitive comparison in Rails 6.1. To continue case sensitive comparison on the :email attribute in User model, pass `case_sensitive: true` option explicitly to the uniqueness validator. (called from block in build_relation at /home/greengo/.rbenv/versions/2.6.3/lib/ruby/gems/2.6.0/gems/activerecord-6.0.0.rc1/lib/active_record/validations/uniqueness.rb:64)
  [1m[35m (0.4ms)[0m  [1m[35mBEGIN[0m
  [1m[36mUser Exists? (5.1ms)[0m  [1m[34mSELECT 1 AS one FROM `users` WHERE `users`.`email` = BINARY 'macciej.net@gmail.com' LIMIT 1[0m
  [1m[36mUser Create (0.4ms)[0m  [1m[32mINSERT INTO `users` (`email`, `encrypted_password`, `created_at`, `updated_at`) VALUES ('macciej.net@gmail.com', '$2a$11$coBTtNn0.VW9HLnDtMDGSeCfuctOeHQz5jdMYXzUlYMJl4XnvsEii', '2019-06-11 22:02:17.851534', '2019-06-11 22:02:17.851534')[0m
  [1m[35m (12.4ms)[0m  [1m[35mCOMMIT[0m
Redirected to http://localhost:3000/
Completed 302 Found in 278ms (ActiveRecord: 18.2ms | Allocations: 14409)


Started GET "/" for 127.0.0.1 at 2019-06-12 00:02:17 +0200
Processing by HomeController#index as HTML
  [1m[36mUser Load (0.9ms)[0m  [1m[34mSELECT `users`.* FROM `users` WHERE `users`.`id` = 1 ORDER BY `users`.`id` ASC LIMIT 1[0m
  Rendering home/index.html.erb within layouts/application
  Rendered home/index.html.erb within layouts/application (Duration: 0.6ms | Allocations: 90)
Completed 200 OK in 33ms (Views: 19.9ms | ActiveRecord: 0.9ms | Allocations: 7955)


Started GET "/" for 127.0.0.1 at 2019-06-12 00:19:32 +0200
  [1m[35m (0.5ms)[0m  [1m[35mSET NAMES utf8mb4,  @@SESSION.sql_mode = CONCAT(CONCAT(@@sql_mode, ',STRICT_ALL_TABLES'), ',NO_AUTO_VALUE_ON_ZERO'),  @@SESSION.sql_auto_is_null = 0, @@SESSION.wait_timeout = 2147483[0m
  [1m[35m (0.5ms)[0m  [1m[34mSELECT `schema_migrations`.`version` FROM `schema_migrations` ORDER BY `schema_migrations`.`version` ASC[0m
Processing by HomeController#index as HTML
  [1m[36mUser Load (0.5ms)[0m  [1m[34mSELECT `users`.* FROM `users` WHERE `users`.`id` = 1 ORDER BY `users`.`id` ASC LIMIT 1[0m
  Rendering home/index.html.erb within layouts/application
  Rendered home/index.html.erb within layouts/application (Duration: 1.6ms | Allocations: 300)
Completed 200 OK in 2163ms (Views: 2129.3ms | ActiveRecord: 2.5ms | Allocations: 1352830)


Started DELETE "/users/sign_out" for 127.0.0.1 at 2019-06-12 00:19:36 +0200
Processing by Devise::SessionsController#destroy as HTML
  Parameters: {"authenticity_token"=>"jChh2lfsXDZi2fCiod5VvBSDKDy4jp8uRb68zuhtdG5jHFYD8fN+9oJBbTJf4ZZ/0Z1Om4ByLz1+sfyFlfXxzQ=="}
  [1m[36mUser Load (0.5ms)[0m  [1m[34mSELECT `users`.* FROM `users` WHERE `users`.`id` = 1 ORDER BY `users`.`id` ASC LIMIT 1[0m
Redirected to http://localhost:3000/
Completed 302 Found in 39ms (ActiveRecord: 0.5ms | Allocations: 5463)


Started GET "/" for 127.0.0.1 at 2019-06-12 00:19:36 +0200
Processing by HomeController#index as HTML
Completed 401 Unauthorized in 7ms (ActiveRecord: 0.0ms | Allocations: 302)


Started GET "/users/sign_in" for 127.0.0.1 at 2019-06-12 00:19:37 +0200
Processing by Devise::SessionsController#new as HTML
  Rendering devise/sessions/new.html.erb within layouts/application
  Rendered devise/shared/_links.html.erb (Duration: 2.9ms | Allocations: 640)
  Rendered devise/sessions/new.html.erb within layouts/application (Duration: 12.5ms | Allocations: 2835)
Completed 200 OK in 37ms (Views: 33.9ms | ActiveRecord: 0.0ms | Allocations: 9226)


  [1m[35m (1.0ms)[0m  [1m[35mSET NAMES utf8mb4,  @@SESSION.sql_mode = CONCAT(CONCAT(@@sql_mode, ',STRICT_ALL_TABLES'), ',NO_AUTO_VALUE_ON_ZERO'),  @@SESSION.sql_auto_is_null = 0, @@SESSION.wait_timeout = 2147483[0m
  [1m[35m (0.4ms)[0m  [1m[34mSELECT GET_LOCK('309776275100891130', 0)[0m
  [1m[35m (0.5ms)[0m  [1m[34mSELECT `schema_migrations`.`version` FROM `schema_migrations` ORDER BY `schema_migrations`.`version` ASC[0m
Migrating to CreateSongs (20190611222223)
  [1m[35m (74.2ms)[0m  [1m[35mCREATE TABLE `songs` (`id` bigint NOT NULL AUTO_INCREMENT PRIMARY KEY, `title` varchar(255), `author` varchar(255), `time` float(24), `user_id` int, `created_at` datetime(6) NOT NULL, `updated_at` datetime(6) NOT NULL)[0m
  [1m[35m (0.5ms)[0m  [1m[35mBEGIN[0m
  [1m[36mActiveRecord::SchemaMigration Create (1.6ms)[0m  [1m[32mINSERT INTO `schema_migrations` (`version`) VALUES ('20190611222223')[0m
  [1m[35m (9.8ms)[0m  [1m[35mCOMMIT[0m
  [1m[36mActiveRecord::InternalMetadata Load (0.4ms)[0m  [1m[34mSELECT `ar_internal_metadata`.* FROM `ar_internal_metadata` WHERE `ar_internal_metadata`.`key` = 'environment' LIMIT 1[0m
  [1m[35m (0.4ms)[0m  [1m[34mSELECT RELEASE_LOCK('309776275100891130')[0m
  [1m[35m (0.5ms)[0m  [1m[35mSET NAMES utf8mb4,  @@SESSION.sql_mode = CONCAT(CONCAT(@@sql_mode, ',STRICT_ALL_TABLES'), ',NO_AUTO_VALUE_ON_ZERO'),  @@SESSION.sql_auto_is_null = 0, @@SESSION.wait_timeout = 2147483[0m
  [1m[35m (0.6ms)[0m  [1m[34mSELECT `schema_migrations`.`version` FROM `schema_migrations` ORDER BY `schema_migrations`.`version` ASC[0m
Started GET "/users/sign_in" for 127.0.0.1 at 2019-06-12 00:24:57 +0200
  [1m[35m (2.6ms)[0m  [1m[35mSET NAMES utf8mb4,  @@SESSION.sql_mode = CONCAT(CONCAT(@@sql_mode, ',STRICT_ALL_TABLES'), ',NO_AUTO_VALUE_ON_ZERO'),  @@SESSION.sql_auto_is_null = 0, @@SESSION.wait_timeout = 2147483[0m
  [1m[35m (0.7ms)[0m  [1m[34mSELECT `schema_migrations`.`version` FROM `schema_migrations` ORDER BY `schema_migrations`.`version` ASC[0m
Processing by Devise::SessionsController#new as HTML
  Rendering devise/sessions/new.html.erb within layouts/application
  Rendered devise/shared/_links.html.erb (Duration: 2.2ms | Allocations: 644)
  Rendered devise/sessions/new.html.erb within layouts/application (Duration: 11.8ms | Allocations: 4827)
Completed 200 OK in 2078ms (Views: 1997.4ms | ActiveRecord: 8.1ms | Allocations: 1374798)


Started POST "/users/sign_in" for 127.0.0.1 at 2019-06-12 00:25:08 +0200
Processing by Devise::SessionsController#create as HTML
  Parameters: {"authenticity_token"=>"5ocWo5nrSfGuxiDW3cAjmu/YbdhavPY/CrW7Vzvf+sUysmkDBd0HJVikWPuQy3N8XUFW+qca6MOUJegR6/dTEA==", "user"=>{"email"=>"macciej.net@gmail.com", "password"=>"[FILTERED]", "remember_me"=>"0"}, "commit"=>"Log in"}
  [1m[36mUser Load (1.2ms)[0m  [1m[34mSELECT `users`.* FROM `users` WHERE `users`.`email` = 'macciej.net@gmail.com' ORDER BY `users`.`id` ASC LIMIT 1[0m
Redirected to http://localhost:3000/
Completed 302 Found in 311ms (ActiveRecord: 1.2ms | Allocations: 6497)


Started GET "/" for 127.0.0.1 at 2019-06-12 00:25:08 +0200
Processing by HomeController#index as HTML
  [1m[36mUser Load (0.6ms)[0m  [1m[34mSELECT `users`.* FROM `users` WHERE `users`.`id` = 1 ORDER BY `users`.`id` ASC LIMIT 1[0m
  Rendering home/index.html.erb within layouts/application
  Rendered home/index.html.erb within layouts/application (Duration: 0.8ms | Allocations: 213)
Completed 200 OK in 22ms (Views: 12.7ms | ActiveRecord: 0.6ms | Allocations: 9754)


Started GET "/songs" for 127.0.0.1 at 2019-06-12 00:25:12 +0200
Processing by SongsController#index as HTML
  Rendering songs/index.html.erb within layouts/application
  [1m[36mSong Load (0.9ms)[0m  [1m[34mSELECT `songs`.* FROM `songs`[0m
  ↳ app/views/songs/index.html.erb:17
  Rendered songs/index.html.erb within layouts/application (Duration: 18.1ms | Allocations: 1797)
Completed 200 OK in 52ms (Views: 32.5ms | ActiveRecord: 1.8ms | Allocations: 10282)


Started GET "/songs/new" for 127.0.0.1 at 2019-06-12 00:25:37 +0200
Processing by SongsController#new as HTML
  Rendering songs/new.html.erb within layouts/application
  Rendered songs/_form.html.erb (Duration: 35.9ms | Allocations: 4325)
  Rendered songs/new.html.erb within layouts/application (Duration: 37.6ms | Allocations: 4673)
Completed 200 OK in 81ms (Views: 53.4ms | ActiveRecord: 7.9ms | Allocations: 15232)


Started POST "/songs" for 127.0.0.1 at 2019-06-12 00:25:57 +0200
Processing by SongsController#create as HTML
  Parameters: {"authenticity_token"=>"DPE29ONp0nREWtxk+Ez6s1KnGAhqODIFvzFgkGu4iKGWRn0/c3gVEB8ct25irEE/cIvK7F08phvGpfAG27AiRw==", "song"=>{"title"=>"test", "author"=>"test", "time"=>"1.23", "user_id"=>"1"}, "commit"=>"Create Song"}
  [1m[35m (0.6ms)[0m  [1m[35mBEGIN[0m
  ↳ app/controllers/songs_controller.rb:30:in `block in create'
  [1m[36mUser Load (0.9ms)[0m  [1m[34mSELECT `users`.* FROM `users` WHERE `users`.`id` = 1 LIMIT 1[0m
  ↳ app/controllers/songs_controller.rb:30:in `block in create'
  [1m[36mSong Create (0.6ms)[0m  [1m[32mINSERT INTO `songs` (`title`, `author`, `time`, `user_id`, `created_at`, `updated_at`) VALUES ('test', 'test', 1.23, 1, '2019-06-11 22:25:57.820544', '2019-06-11 22:25:57.820544')[0m
  ↳ app/controllers/songs_controller.rb:30:in `block in create'
  [1m[35m (16.6ms)[0m  [1m[35mCOMMIT[0m
  ↳ app/controllers/songs_controller.rb:30:in `block in create'
Redirected to http://localhost:3000/songs/1
Completed 302 Found in 87ms (ActiveRecord: 18.7ms | Allocations: 8399)


Started GET "/songs/1" for 127.0.0.1 at 2019-06-12 00:25:57 +0200
Processing by SongsController#show as HTML
  Parameters: {"id"=>"1"}
  [1m[36mSong Load (3.4ms)[0m  [1m[34mSELECT `songs`.* FROM `songs` WHERE `songs`.`id` = 1 LIMIT 1[0m
  ↳ app/controllers/songs_controller.rb:67:in `set_song'
  Rendering songs/show.html.erb within layouts/application
  Rendered songs/show.html.erb within layouts/application (Duration: 1.8ms | Allocations: 328)
Completed 200 OK in 34ms (Views: 23.4ms | ActiveRecord: 3.4ms | Allocations: 7849)


Started GET "/songs" for 127.0.0.1 at 2019-06-12 00:26:03 +0200
Processing by SongsController#index as HTML
  Rendering songs/index.html.erb within layouts/application
  [1m[36mSong Load (1.7ms)[0m  [1m[34mSELECT `songs`.* FROM `songs`[0m
  ↳ app/views/songs/index.html.erb:17
  Rendered songs/index.html.erb within layouts/application (Duration: 10.3ms | Allocations: 894)
Completed 200 OK in 60ms (Views: 51.1ms | ActiveRecord: 1.7ms | Allocations: 7466)


Started GET "/" for 127.0.0.1 at 2019-06-12 00:26:12 +0200
Processing by HomeController#index as HTML
  [1m[36mUser Load (1.1ms)[0m  [1m[34mSELECT `users`.* FROM `users` WHERE `users`.`id` = 1 ORDER BY `users`.`id` ASC LIMIT 1[0m
  Rendering home/index.html.erb within layouts/application
  Rendered home/index.html.erb within layouts/application (Duration: 0.5ms | Allocations: 86)
Completed 200 OK in 36ms (Views: 23.1ms | ActiveRecord: 1.1ms | Allocations: 8848)


Started DELETE "/users/sign_out" for 127.0.0.1 at 2019-06-12 00:26:18 +0200
Processing by Devise::SessionsController#destroy as HTML
  Parameters: {"authenticity_token"=>"axnZ048N5q+QuOLIx7/W+WXGaI9xnQf9ATe06HjyL4x0zeRI5Bb4/gJxh0KgpZGqbvdFIuHobV8IfQSkj3xHCQ=="}
  [1m[36mUser Load (0.8ms)[0m  [1m[34mSELECT `users`.* FROM `users` WHERE `users`.`id` = 1 ORDER BY `users`.`id` ASC LIMIT 1[0m
Redirected to http://localhost:3000/
Completed 302 Found in 31ms (ActiveRecord: 0.8ms | Allocations: 5567)


Started GET "/" for 127.0.0.1 at 2019-06-12 00:26:18 +0200
Processing by HomeController#index as HTML
Completed 401 Unauthorized in 1ms (ActiveRecord: 0.0ms | Allocations: 285)


Started GET "/users/sign_in" for 127.0.0.1 at 2019-06-12 00:26:18 +0200
Processing by Devise::SessionsController#new as HTML
  Rendering devise/sessions/new.html.erb within layouts/application
  Rendered devise/shared/_links.html.erb (Duration: 0.4ms | Allocations: 132)
  Rendered devise/sessions/new.html.erb within layouts/application (Duration: 3.7ms | Allocations: 1056)
Completed 200 OK in 17ms (Views: 15.5ms | ActiveRecord: 0.0ms | Allocations: 7881)


Started GET "/" for 127.0.0.1 at 2019-06-12 00:28:46 +0200
Processing by HomeController#index as HTML
Completed 401 Unauthorized in 1ms (ActiveRecord: 0.0ms | Allocations: 286)


Started GET "/users/sign_in" for 127.0.0.1 at 2019-06-12 00:28:46 +0200
Processing by Devise::SessionsController#new as HTML
  Rendering devise/sessions/new.html.erb within layouts/application
  Rendered devise/shared/_links.html.erb (Duration: 0.4ms | Allocations: 132)
  Rendered devise/sessions/new.html.erb within layouts/application (Duration: 8.4ms | Allocations: 1042)
Completed 200 OK in 52ms (Views: 50.1ms | ActiveRecord: 0.0ms | Allocations: 7865)


Started POST "/users/sign_in" for 127.0.0.1 at 2019-06-12 00:28:55 +0200
Processing by Devise::SessionsController#create as HTML
  Parameters: {"authenticity_token"=>"TgxSLsNLvwMTijKn/V1go9I77tgy9MyTc3e7TXYJWUMH13VOyNc9t3x/l3w5ZnC/5lMRS0jtOzCejw8WUSsTyQ==", "user"=>{"email"=>"macciej.net@gmail.com", "password"=>"[FILTERED]", "remember_me"=>"0"}, "commit"=>"Log in"}
  [1m[36mUser Load (6.6ms)[0m  [1m[34mSELECT `users`.* FROM `users` WHERE `users`.`email` = 'macciej.net@gmail.com' ORDER BY `users`.`id` ASC LIMIT 1[0m
Redirected to http://localhost:3000/
Completed 302 Found in 265ms (ActiveRecord: 6.6ms | Allocations: 3740)


Started GET "/" for 127.0.0.1 at 2019-06-12 00:28:55 +0200
Processing by HomeController#index as HTML
  [1m[36mUser Load (1.1ms)[0m  [1m[34mSELECT `users`.* FROM `users` WHERE `users`.`id` = 1 ORDER BY `users`.`id` ASC LIMIT 1[0m
  Rendering home/index.html.erb within layouts/application
  Rendered home/index.html.erb within layouts/application (Duration: 0.3ms | Allocations: 80)
Completed 200 OK in 75ms (Views: 16.7ms | ActiveRecord: 1.1ms | Allocations: 8856)


Started GET "/songs" for 127.0.0.1 at 2019-06-12 00:29:00 +0200
Processing by SongsController#index as HTML
  Rendering songs/index.html.erb within layouts/application
  [1m[36mSong Load (0.6ms)[0m  [1m[34mSELECT `songs`.* FROM `songs`[0m
  ↳ app/views/songs/index.html.erb:17
  Rendered songs/index.html.erb within layouts/application (Duration: 11.3ms | Allocations: 893)
Completed 200 OK in 51ms (Views: 37.9ms | ActiveRecord: 0.6ms | Allocations: 7464)


Started GET "/songs/new" for 127.0.0.1 at 2019-06-12 00:29:04 +0200
Processing by SongsController#new as HTML
  Rendering songs/new.html.erb within layouts/application
  Rendered songs/_form.html.erb (Duration: 4.2ms | Allocations: 1091)
  Rendered songs/new.html.erb within layouts/application (Duration: 5.3ms | Allocations: 1176)
Completed 200 OK in 18ms (Views: 16.6ms | ActiveRecord: 0.0ms | Allocations: 7773)


Started POST "/songs" for 127.0.0.1 at 2019-06-12 00:29:13 +0200
Processing by SongsController#create as HTML
  Parameters: {"authenticity_token"=>"fWD+ZwvaDv/5kK/sGPY6Kbl7xX2Uua32zP7EyzlLW/3XUpOU4J40U/z5pAMuR1zmhGbNwkbxt2Jz4pOrOREoBg==", "song"=>{"title"=>"sds", "author"=>"sds", "time"=>"1", "user_id"=>"1"}, "commit"=>"Create Song"}
  [1m[35m (8.8ms)[0m  [1m[35mBEGIN[0m
  ↳ app/controllers/songs_controller.rb:30:in `block in create'
  [1m[36mUser Load (2.2ms)[0m  [1m[34mSELECT `users`.* FROM `users` WHERE `users`.`id` = 1 LIMIT 1[0m
  ↳ app/controllers/songs_controller.rb:30:in `block in create'
  [1m[36mSong Create (2.3ms)[0m  [1m[32mINSERT INTO `songs` (`title`, `author`, `time`, `user_id`, `created_at`, `updated_at`) VALUES ('sds', 'sds', 1.0, 1, '2019-06-11 22:29:13.234411', '2019-06-11 22:29:13.234411')[0m
  ↳ app/controllers/songs_controller.rb:30:in `block in create'
  [1m[35m (10.3ms)[0m  [1m[35mCOMMIT[0m
  ↳ app/controllers/songs_controller.rb:30:in `block in create'
Redirected to http://localhost:3000/songs/2
Completed 302 Found in 68ms (ActiveRecord: 23.6ms | Allocations: 4278)


Started GET "/songs/2" for 127.0.0.1 at 2019-06-12 00:29:13 +0200
Processing by SongsController#show as HTML
  Parameters: {"id"=>"2"}
  [1m[36mSong Load (8.7ms)[0m  [1m[34mSELECT `songs`.* FROM `songs` WHERE `songs`.`id` = 2 LIMIT 1[0m
  ↳ app/controllers/songs_controller.rb:67:in `set_song'
  Rendering songs/show.html.erb within layouts/application
  Rendered songs/show.html.erb within layouts/application (Duration: 0.4ms | Allocations: 100)
Completed 200 OK in 39ms (Views: 27.7ms | ActiveRecord: 8.7ms | Allocations: 7326)


Started GET "/songs" for 127.0.0.1 at 2019-06-12 00:29:17 +0200
Processing by SongsController#index as HTML
  Rendering songs/index.html.erb within layouts/application
  [1m[36mSong Load (1.4ms)[0m  [1m[34mSELECT `songs`.* FROM `songs`[0m
  ↳ app/views/songs/index.html.erb:17
  Rendered songs/index.html.erb within layouts/application (Duration: 9.4ms | Allocations: 1018)
Completed 200 OK in 55ms (Views: 50.3ms | ActiveRecord: 1.4ms | Allocations: 7589)


Started DELETE "/songs/2" for 127.0.0.1 at 2019-06-12 00:29:24 +0200
Processing by SongsController#destroy as HTML
  Parameters: {"authenticity_token"=>"DSHES58kDmRkWtoGEQ46jEtAveTzT/gHHLPdsIgBYNRlfRkrCjwXO0CrOj7Ro5HtyAajdEFX4cwQ853iZTQmwQ==", "id"=>"2"}
  [1m[36mSong Load (1.5ms)[0m  [1m[34mSELECT `songs`.* FROM `songs` WHERE `songs`.`id` = 2 LIMIT 1[0m
  ↳ app/controllers/songs_controller.rb:67:in `set_song'
  [1m[35m (0.3ms)[0m  [1m[35mBEGIN[0m
  ↳ app/controllers/songs_controller.rb:57:in `destroy'
  [1m[36mSong Destroy (26.8ms)[0m  [1m[31mDELETE FROM `songs` WHERE `songs`.`id` = 2[0m
  ↳ app/controllers/songs_controller.rb:57:in `destroy'
  [1m[35m (11.6ms)[0m  [1m[35mCOMMIT[0m
  ↳ app/controllers/songs_controller.rb:57:in `destroy'
Redirected to http://localhost:3000/songs
Completed 302 Found in 83ms (ActiveRecord: 40.3ms | Allocations: 3047)


Started GET "/songs" for 127.0.0.1 at 2019-06-12 00:29:24 +0200
Processing by SongsController#index as HTML
  Rendering songs/index.html.erb within layouts/application
  [1m[36mSong Load (0.7ms)[0m  [1m[34mSELECT `songs`.* FROM `songs`[0m
  ↳ app/views/songs/index.html.erb:17
  Rendered songs/index.html.erb within layouts/application (Duration: 5.7ms | Allocations: 893)
Completed 200 OK in 24ms (Views: 21.0ms | ActiveRecord: 0.7ms | Allocations: 7487)


Started GET "/" for 127.0.0.1 at 2019-06-12 00:29:31 +0200
Processing by HomeController#index as HTML
  [1m[36mUser Load (0.7ms)[0m  [1m[34mSELECT `users`.* FROM `users` WHERE `users`.`id` = 1 ORDER BY `users`.`id` ASC LIMIT 1[0m
  Rendering home/index.html.erb within layouts/application
  Rendered home/index.html.erb within layouts/application (Duration: 0.5ms | Allocations: 80)
Completed 200 OK in 51ms (Views: 43.0ms | ActiveRecord: 0.7ms | Allocations: 8840)


Started DELETE "/users/sign_out" for 127.0.0.1 at 2019-06-12 00:29:33 +0200
Processing by Devise::SessionsController#destroy as HTML
  Parameters: {"authenticity_token"=>"gn/4dB01XwXtkEpt/V/gY7d7ic951FcwBfYRiUN57jDqIyUUiC1GWslhqlU98ksCND2XX8vMTvsJtlHbrkyoJQ=="}
  [1m[36mUser Load (1.2ms)[0m  [1m[34mSELECT `users`.* FROM `users` WHERE `users`.`id` = 1 ORDER BY `users`.`id` ASC LIMIT 1[0m
Redirected to http://localhost:3000/
Completed 302 Found in 27ms (ActiveRecord: 1.2ms | Allocations: 2924)


Started GET "/" for 127.0.0.1 at 2019-06-12 00:29:33 +0200
Processing by HomeController#index as HTML
Completed 401 Unauthorized in 1ms (ActiveRecord: 0.0ms | Allocations: 282)


Started GET "/users/sign_in" for 127.0.0.1 at 2019-06-12 00:29:33 +0200
Processing by Devise::SessionsController#new as HTML
  Rendering devise/sessions/new.html.erb within layouts/application
  Rendered devise/shared/_links.html.erb (Duration: 3.2ms | Allocations: 132)
  Rendered devise/sessions/new.html.erb within layouts/application (Duration: 11.2ms | Allocations: 1046)
Completed 200 OK in 48ms (Views: 45.5ms | ActiveRecord: 0.0ms | Allocations: 7856)


